Warning[205] C:\USERS\MIGUE\ONEDRIVE\ESCRITORIO\PIC16F84A_CLOCK\MPLAB_FILES\CLOCK_TIMER\CLOCKT.X\MAINC.ASM 1 : Found directive in column 1. (LIST)
Warning[205] C:\USERS\MIGUE\ONEDRIVE\ESCRITORIO\PIC16F84A_CLOCK\MPLAB_FILES\CLOCK_TIMER\CLOCKT.X\MAINC.ASM 3 : Found directive in column 1. (__CONFIG)
Warning[207] C:\USERS\MIGUE\ONEDRIVE\ESCRITORIO\PIC16F84A_CLOCK\MPLAB_FILES\CLOCK_TIMER\CLOCKT.X\MAINC.ASM 12 : Found label after column 1. (Unidad)
Warning[207] C:\USERS\MIGUE\ONEDRIVE\ESCRITORIO\PIC16F84A_CLOCK\MPLAB_FILES\CLOCK_TIMER\CLOCKT.X\MAINC.ASM 13 : Found label after column 1. (Decena)
Warning[207] C:\USERS\MIGUE\ONEDRIVE\ESCRITORIO\PIC16F84A_CLOCK\MPLAB_FILES\CLOCK_TIMER\CLOCKT.X\MAINC.ASM 14 : Found label after column 1. (Centena)
Warning[207] C:\USERS\MIGUE\ONEDRIVE\ESCRITORIO\PIC16F84A_CLOCK\MPLAB_FILES\CLOCK_TIMER\CLOCKT.X\MAINC.ASM 16 : Found label after column 1. (Contador)
Warning[207] C:\USERS\MIGUE\ONEDRIVE\ESCRITORIO\PIC16F84A_CLOCK\MPLAB_FILES\CLOCK_TIMER\CLOCKT.X\MAINC.ASM 17 : Found label after column 1. (Contador1)
Warning[207] C:\USERS\MIGUE\ONEDRIVE\ESCRITORIO\PIC16F84A_CLOCK\MPLAB_FILES\CLOCK_TIMER\CLOCKT.X\MAINC.ASM 18 : Found label after column 1. (Contador2)
Warning[207] C:\USERS\MIGUE\ONEDRIVE\ESCRITORIO\PIC16F84A_CLOCK\MPLAB_FILES\CLOCK_TIMER\CLOCKT.X\MAINC.ASM 20 : Found label after column 1. (MuestroU)
Warning[207] C:\USERS\MIGUE\ONEDRIVE\ESCRITORIO\PIC16F84A_CLOCK\MPLAB_FILES\CLOCK_TIMER\CLOCKT.X\MAINC.ASM 21 : Found label after column 1. (MuestroD)
Warning[207] C:\USERS\MIGUE\ONEDRIVE\ESCRITORIO\PIC16F84A_CLOCK\MPLAB_FILES\CLOCK_TIMER\CLOCKT.X\MAINC.ASM 22 : Found label after column 1. (MuestroC)
Warning[205] C:\USERS\MIGUE\ONEDRIVE\ESCRITORIO\PIC16F84A_CLOCK\MPLAB_FILES\CLOCK_TIMER\CLOCKT.X\MAINC.ASM 27 : Found directive in column 1. (ORG)
Message[302] C:\USERS\MIGUE\ONEDRIVE\ESCRITORIO\PIC16F84A_CLOCK\MPLAB_FILES\CLOCK_TIMER\CLOCKT.X\MAINC.ASM 33 : Register in operand not in bank 0.  Ensure that bank bits are correct.
Message[302] C:\USERS\MIGUE\ONEDRIVE\ESCRITORIO\PIC16F84A_CLOCK\MPLAB_FILES\CLOCK_TIMER\CLOCKT.X\MAINC.ASM 34 : Register in operand not in bank 0.  Ensure that bank bits are correct.
Warning[207] C:\USERS\MIGUE\ONEDRIVE\ESCRITORIO\PIC16F84A_CLOCK\MPLAB_FILES\CLOCK_TIMER\CLOCKT.X\MAINC.ASM 44 : Found label after column 1. (Ciclo)
Warning[207] C:\USERS\MIGUE\ONEDRIVE\ESCRITORIO\PIC16F84A_CLOCK\MPLAB_FILES\CLOCK_TIMER\CLOCKT.X\MAINC.ASM 66 : Found label after column 1. (ActualizarDisplay)
Warning[207] C:\USERS\MIGUE\ONEDRIVE\ESCRITORIO\PIC16F84A_CLOCK\MPLAB_FILES\CLOCK_TIMER\CLOCKT.X\MAINC.ASM 70 : Found label after column 1. (Refrescar)
Warning[207] C:\USERS\MIGUE\ONEDRIVE\ESCRITORIO\PIC16F84A_CLOCK\MPLAB_FILES\CLOCK_TIMER\CLOCKT.X\MAINC.ASM 95 : Found label after column 1. (Esperar_5ms)
Warning[207] C:\USERS\MIGUE\ONEDRIVE\ESCRITORIO\PIC16F84A_CLOCK\MPLAB_FILES\CLOCK_TIMER\CLOCKT.X\MAINC.ASM 98 : Found label after column 1. (Repeticion1)
Warning[207] C:\USERS\MIGUE\ONEDRIVE\ESCRITORIO\PIC16F84A_CLOCK\MPLAB_FILES\CLOCK_TIMER\CLOCKT.X\MAINC.ASM 101 : Found label after column 1. (Repeticion2)
Warning[205] C:\USERS\MIGUE\ONEDRIVE\ESCRITORIO\PIC16F84A_CLOCK\MPLAB_FILES\CLOCK_TIMER\CLOCKT.X\MAINC.ASM 107 : Found directive in column 1. (END)
