Warning[205] C:\USERS\MIGUE\ONEDRIVE\ESCRITORIO\PIC16F84A_CLOCK\CLOCKT.X\MAINC.ASM 1 : Found directive in column 1. (LIST)
Warning[205] C:\USERS\MIGUE\ONEDRIVE\ESCRITORIO\PIC16F84A_CLOCK\CLOCKT.X\MAINC.ASM 3 : Found directive in column 1. (__CONFIG)
Warning[205] C:\USERS\MIGUE\ONEDRIVE\ESCRITORIO\PIC16F84A_CLOCK\CLOCKT.X\MAINC.ASM 4 : Found directive in column 1. (ORG)
Warning[207] C:\USERS\MIGUE\ONEDRIVE\ESCRITORIO\PIC16F84A_CLOCK\CLOCKT.X\MAINC.ASM 8 : Found label after column 1. (Unidad)
Warning[207] C:\USERS\MIGUE\ONEDRIVE\ESCRITORIO\PIC16F84A_CLOCK\CLOCKT.X\MAINC.ASM 9 : Found label after column 1. (Decena)
Warning[207] C:\USERS\MIGUE\ONEDRIVE\ESCRITORIO\PIC16F84A_CLOCK\CLOCKT.X\MAINC.ASM 10 : Found label after column 1. (Centena)
Warning[207] C:\USERS\MIGUE\ONEDRIVE\ESCRITORIO\PIC16F84A_CLOCK\CLOCKT.X\MAINC.ASM 12 : Found label after column 1. (Contador)
Warning[207] C:\USERS\MIGUE\ONEDRIVE\ESCRITORIO\PIC16F84A_CLOCK\CLOCKT.X\MAINC.ASM 13 : Found label after column 1. (Contador1)
Warning[207] C:\USERS\MIGUE\ONEDRIVE\ESCRITORIO\PIC16F84A_CLOCK\CLOCKT.X\MAINC.ASM 14 : Found label after column 1. (Contador2)
Warning[207] C:\USERS\MIGUE\ONEDRIVE\ESCRITORIO\PIC16F84A_CLOCK\CLOCKT.X\MAINC.ASM 16 : Found label after column 1. (MuestroU)
Warning[207] C:\USERS\MIGUE\ONEDRIVE\ESCRITORIO\PIC16F84A_CLOCK\CLOCKT.X\MAINC.ASM 17 : Found label after column 1. (MuestroD)
Warning[207] C:\USERS\MIGUE\ONEDRIVE\ESCRITORIO\PIC16F84A_CLOCK\CLOCKT.X\MAINC.ASM 18 : Found label after column 1. (MuestroC)
Warning[205] C:\USERS\MIGUE\ONEDRIVE\ESCRITORIO\PIC16F84A_CLOCK\CLOCKT.X\MAINC.ASM 23 : Found directive in column 1. (ORG)
Message[302] C:\USERS\MIGUE\ONEDRIVE\ESCRITORIO\PIC16F84A_CLOCK\CLOCKT.X\MAINC.ASM 29 : Register in operand not in bank 0.  Ensure that bank bits are correct.
Message[302] C:\USERS\MIGUE\ONEDRIVE\ESCRITORIO\PIC16F84A_CLOCK\CLOCKT.X\MAINC.ASM 30 : Register in operand not in bank 0.  Ensure that bank bits are correct.
Warning[207] C:\USERS\MIGUE\ONEDRIVE\ESCRITORIO\PIC16F84A_CLOCK\CLOCKT.X\MAINC.ASM 40 : Found label after column 1. (Ciclo)
Warning[207] C:\USERS\MIGUE\ONEDRIVE\ESCRITORIO\PIC16F84A_CLOCK\CLOCKT.X\MAINC.ASM 61 : Found label after column 1. (ActualizarDisplay)
Warning[207] C:\USERS\MIGUE\ONEDRIVE\ESCRITORIO\PIC16F84A_CLOCK\CLOCKT.X\MAINC.ASM 64 : Found label after column 1. (Refrescar)
Warning[207] C:\USERS\MIGUE\ONEDRIVE\ESCRITORIO\PIC16F84A_CLOCK\CLOCKT.X\MAINC.ASM 89 : Found label after column 1. (Esperar_5ms)
Warning[207] C:\USERS\MIGUE\ONEDRIVE\ESCRITORIO\PIC16F84A_CLOCK\CLOCKT.X\MAINC.ASM 92 : Found label after column 1. (Repeticion1)
Warning[207] C:\USERS\MIGUE\ONEDRIVE\ESCRITORIO\PIC16F84A_CLOCK\CLOCKT.X\MAINC.ASM 95 : Found label after column 1. (Repeticion2)
Warning[205] C:\USERS\MIGUE\ONEDRIVE\ESCRITORIO\PIC16F84A_CLOCK\CLOCKT.X\MAINC.ASM 101 : Found directive in column 1. (END)
